<?xml version="1.0" encoding="UTF-8"?>
<robot generator="Robot 4.0.2 (Python 3.9.5 on win32)" generated="20210529 14:24:29.494" rpa="false" schemaversion="2">
<suite id="s1" name="Index" source="D:\Automation\Selenium\Robot\Automation-Testing-VL24H\index.robot">
<test id="s1-t1" name="LoginTest">
<kw name="Open Browser" library="SeleniumLibrary">
<arg>${url}</arg>
<arg>${browser}</arg>
<doc>Opens a new browser instance to the optional ``url``.</doc>
<msg timestamp="20210529 14:24:29.799" level="INFO">Opening browser 'chrome' to base url 'https://vieclam24h.vn/'.</msg>
<status status="PASS" starttime="20210529 14:24:29.799" endtime="20210529 14:24:33.796"/>
</kw>
<kw name="loginNTV">
<kw name="Maximize Browser Window" library="SeleniumLibrary">
<doc>Maximizes current browser window.</doc>
<status status="PASS" starttime="20210529 14:24:33.798" endtime="20210529 14:24:33.930"/>
</kw>
<kw name="Click Element" library="SeleniumLibrary">
<arg>xpath=//*[@id="fn-header-home"]/div[1]/div/div[2]/ul/li[1]/a</arg>
<doc>Click the element identified by ``locator``.</doc>
<msg timestamp="20210529 14:24:33.931" level="INFO">Clicking element 'xpath=//*[@id="fn-header-home"]/div[1]/div/div[2]/ul/li[1]/a'.</msg>
<status status="PASS" starttime="20210529 14:24:33.931" endtime="20210529 14:24:34.100"/>
</kw>
<kw name="Wait Until Element Is Visible" library="SeleniumLibrary">
<arg>xpath=//*[@id="__next"]/main/div[1]/div[2]/div[2]/div/div[1]/div/div/div[2]/div/div/div[1]/div/div[2]/div[1]/a</arg>
<doc>Waits until the element ``locator`` is visible.</doc>
<status status="PASS" starttime="20210529 14:24:34.101" endtime="20210529 14:24:34.745"/>
</kw>
<kw name="Click Element" library="SeleniumLibrary">
<arg>xpath=//*[@id="__next"]/main/div[1]/div[2]/div[2]/div/div[1]/div/div/div[2]/div/div/div[1]/div/div[2]/div[1]/a</arg>
<doc>Click the element identified by ``locator``.</doc>
<msg timestamp="20210529 14:24:34.746" level="INFO">Clicking element 'xpath=//*[@id="__next"]/main/div[1]/div[2]/div[2]/div/div[1]/div/div/div[2]/div/div/div[1]/div/div[2]/div[1]/a'.</msg>
<status status="PASS" starttime="20210529 14:24:34.746" endtime="20210529 14:24:34.893"/>
</kw>
<kw name="Wait Until Element Is Visible" library="SeleniumLibrary">
<arg>xpath=//*[@class="form-hook"]//input[@name="email"]</arg>
<doc>Waits until the element ``locator`` is visible.</doc>
<status status="PASS" starttime="20210529 14:24:34.894" endtime="20210529 14:24:35.515"/>
</kw>
<kw name="Input Text" library="SeleniumLibrary">
<arg>xpath=//*[@class="form-hook"]//input[@name="email"]</arg>
<arg>${Username}</arg>
<doc>Types the given ``text`` into the text field identified by ``locator``.</doc>
<msg timestamp="20210529 14:24:35.516" level="INFO">Typing text 'ptt1660598@gmail.com' into text field 'xpath=//*[@class="form-hook"]//input[@name="email"]'.</msg>
<status status="PASS" starttime="20210529 14:24:35.515" endtime="20210529 14:24:35.683"/>
</kw>
<kw name="Input Text" library="SeleniumLibrary">
<arg>xpath=//*[@class="form-hook"]//input[@name="password"]</arg>
<arg>${Password}</arg>
<doc>Types the given ``text`` into the text field identified by ``locator``.</doc>
<msg timestamp="20210529 14:24:35.684" level="INFO">Typing text 'ptt1660598@gmail.com' into text field 'xpath=//*[@class="form-hook"]//input[@name="password"]'.</msg>
<status status="PASS" starttime="20210529 14:24:35.683" endtime="20210529 14:24:35.812"/>
</kw>
<kw name="Click Element" library="SeleniumLibrary">
<arg>xpath=//*[@class="form-hook"]//button[@type="submit"]</arg>
<doc>Click the element identified by ``locator``.</doc>
<msg timestamp="20210529 14:24:35.812" level="INFO">Clicking element 'xpath=//*[@class="form-hook"]//button[@type="submit"]'.</msg>
<status status="PASS" starttime="20210529 14:24:35.812" endtime="20210529 14:24:35.892"/>
</kw>
<kw name="Wait Until Element Is Visible" library="SeleniumLibrary">
<arg>xpath=//*[@id="fn-header-home"]/div[1]/div/div[2]/div/div[2]/a/figure</arg>
<doc>Waits until the element ``locator`` is visible.</doc>
<status status="PASS" starttime="20210529 14:24:35.892" endtime="20210529 14:24:36.778"/>
</kw>
<kw name="Click Element" library="SeleniumLibrary">
<arg>xpath=//*[@id="fn-header-home"]/div[1]/div/div[2]/div/div[2]/a/figure</arg>
<doc>Click the element identified by ``locator``.</doc>
<msg timestamp="20210529 14:24:36.780" level="INFO">Clicking element 'xpath=//*[@id="fn-header-home"]/div[1]/div/div[2]/div/div[2]/a/figure'.</msg>
<status status="PASS" starttime="20210529 14:24:36.779" endtime="20210529 14:24:36.919"/>
</kw>
<status status="PASS" starttime="20210529 14:24:33.797" endtime="20210529 14:24:36.919"/>
</kw>
<kw name="UpdateThongTinCaNhan">
<kw name="Wait Until Element Is Visible" library="SeleniumLibrary">
<arg>//*[@id="__next"]/main/div[1]/div[2]/div[2]/div/div[2]/div[2]/div/div[8]/a</arg>
<doc>Waits until the element ``locator`` is visible.</doc>
<status status="PASS" starttime="20210529 14:24:36.923" endtime="20210529 14:24:37.229"/>
</kw>
<kw name="Click Element" library="SeleniumLibrary">
<arg>xpath=//*[@id="__next"]/main/div[1]/div[2]/div[2]/div/div[2]/div[2]/div/div[8]/a</arg>
<doc>Click the element identified by ``locator``.</doc>
<msg timestamp="20210529 14:24:37.230" level="INFO">Clicking element 'xpath=//*[@id="__next"]/main/div[1]/div[2]/div[2]/div/div[2]/div[2]/div/div[8]/a'.</msg>
<status status="PASS" starttime="20210529 14:24:37.229" endtime="20210529 14:24:37.312"/>
</kw>
<kw name="Wait Until Element Is Visible" library="SeleniumLibrary">
<arg>xpath=//input[@name="name"]</arg>
<doc>Waits until the element ``locator`` is visible.</doc>
<status status="PASS" starttime="20210529 14:24:37.312" endtime="20210529 14:24:37.612"/>
</kw>
<kw name="Input Text" library="SeleniumLibrary">
<arg>xpath=//input[@name="name"]</arg>
<arg>Thúy Phùng</arg>
<doc>Types the given ``text`` into the text field identified by ``locator``.</doc>
<msg timestamp="20210529 14:24:37.613" level="INFO">Typing text 'Thúy Phùng' into text field 'xpath=//input[@name="name"]'.</msg>
<status status="PASS" starttime="20210529 14:24:37.612" endtime="20210529 14:24:37.785"/>
</kw>
<kw name="Select From List By Label" library="SeleniumLibrary">
<arg>day</arg>
<arg>23</arg>
<doc>Selects options from selection list ``locator`` by ``labels``.</doc>
<msg timestamp="20210529 14:24:37.786" level="INFO">Selecting options from selection list 'day' by label 23.</msg>
<status status="PASS" starttime="20210529 14:24:37.785" endtime="20210529 14:24:37.932"/>
</kw>
<kw name="Select From List By Value" library="SeleniumLibrary">
<arg>month</arg>
<arg>10</arg>
<doc>Selects options from selection list ``locator`` by ``values``.</doc>
<msg timestamp="20210529 14:24:37.933" level="INFO">Selecting options from selection list 'month' by value 10.</msg>
<status status="PASS" starttime="20210529 14:24:37.932" endtime="20210529 14:24:38.077"/>
</kw>
<kw name="Select From List By Value" library="SeleniumLibrary">
<arg>month</arg>
<arg>10</arg>
<doc>Selects options from selection list ``locator`` by ``values``.</doc>
<msg timestamp="20210529 14:24:38.078" level="INFO">Selecting options from selection list 'month' by value 10.</msg>
<status status="PASS" starttime="20210529 14:24:38.077" endtime="20210529 14:24:38.133"/>
</kw>
<kw name="Select From List By Value" library="SeleniumLibrary">
<arg>years</arg>
<arg>2002</arg>
<doc>Selects options from selection list ``locator`` by ``values``.</doc>
<msg timestamp="20210529 14:24:38.134" level="INFO">Selecting options from selection list 'years' by value 2002.</msg>
<status status="PASS" starttime="20210529 14:24:38.133" endtime="20210529 14:24:38.245"/>
</kw>
<kw name="Select Radio Button" library="SeleniumLibrary">
<arg>gender</arg>
<arg>2</arg>
<doc>Sets the radio button group ``group_name`` to ``value``.</doc>
<msg timestamp="20210529 14:24:38.246" level="INFO">Selecting '2' from radio button 'gender'.</msg>
<status status="PASS" starttime="20210529 14:24:38.245" endtime="20210529 14:24:38.316"/>
</kw>
<kw name="Select Radio Button" library="SeleniumLibrary">
<arg>marital_status</arg>
<arg>3</arg>
<doc>Sets the radio button group ``group_name`` to ``value``.</doc>
<msg timestamp="20210529 14:24:38.316" level="INFO">Selecting '3' from radio button 'marital_status'.</msg>
<status status="PASS" starttime="20210529 14:24:38.316" endtime="20210529 14:24:38.383"/>
</kw>
<kw name="Input Text" library="SeleniumLibrary">
<arg>xpath=//input[@name="address"]</arg>
<arg>Thích ở đâu thì ở</arg>
<doc>Types the given ``text`` into the text field identified by ``locator``.</doc>
<msg timestamp="20210529 14:24:38.383" level="INFO">Typing text 'Thích ở đâu thì ở' into text field 'xpath=//input[@name="address"]'.</msg>
<status status="PASS" starttime="20210529 14:24:38.383" endtime="20210529 14:24:38.528"/>
</kw>
<kw name="Click Element" library="SeleniumLibrary">
<arg>xpath=//*[@id="__next"]/main/div[1]/div[2]/div[2]/div[1]/div/div[1]/div/div[2]/form/div[1]/div[7]/div/div/div/span/span</arg>
<doc>Click the element identified by ``locator``.</doc>
<msg timestamp="20210529 14:24:38.528" level="INFO">Clicking element 'xpath=//*[@id="__next"]/main/div[1]/div[2]/div[2]/div[1]/div/div[1]/div/div[2]/form/div[1]/div[7]/div/div/div/span/span'.</msg>
<status status="PASS" starttime="20210529 14:24:38.528" endtime="20210529 14:24:38.634"/>
</kw>
<kw name="Click Element" library="SeleniumLibrary">
<arg>xpath=//*[@class="select__menu-list"]//div[text()='Bà Rịa - Vũng Tàu']</arg>
<doc>Click the element identified by ``locator``.</doc>
<msg timestamp="20210529 14:24:38.634" level="INFO">Clicking element 'xpath=//*[@class="select__menu-list"]//div[text()='Bà Rịa - Vũng Tàu']'.</msg>
<status status="PASS" starttime="20210529 14:24:38.634" endtime="20210529 14:24:38.747"/>
</kw>
<kw name="Click Element" library="SeleniumLibrary">
<arg>xpath=//button[@type="submit"]</arg>
<doc>Click the element identified by ``locator``.</doc>
<msg timestamp="20210529 14:24:38.748" level="INFO">Clicking element 'xpath=//button[@type="submit"]'.</msg>
<status status="PASS" starttime="20210529 14:24:38.748" endtime="20210529 14:24:38.832"/>
</kw>
<status status="PASS" starttime="20210529 14:24:36.921" endtime="20210529 14:24:38.833"/>
</kw>
<status status="PASS" starttime="20210529 14:24:29.798" endtime="20210529 14:24:38.833"/>
</test>
<status status="PASS" starttime="20210529 14:24:29.497" endtime="20210529 14:24:38.836"/>
</suite>
<statistics>
<total>
<stat pass="1" fail="0" skip="0">All Tests</stat>
</total>
<tag>
</tag>
<suite>
<stat pass="1" fail="0" skip="0" id="s1" name="Index">Index</stat>
</suite>
</statistics>
<errors>
</errors>
</robot>
